# JRE version: OpenJDK Runtime Environment Microsoft-8035246 (17.0.8+7) (build 17.0.8+7-LTS)
# Java VM: OpenJDK 64-Bit Server VM Microsoft-8035246 (17.0.8+7-LTS, mixed mode, sharing, tiered, compressed oops, compressed class ptrs, g1 gc, windows-amd64)
GC Precious Log:
 CPUs: 4 total, 4 available
 Memory: 12079M
 Large Page Support: Disabled
 NUMA Support: Disabled
 Compressed Oops: Enabled (32-bit)
 Heap Region Size: 1M
 Heap Min Capacity: 8M
 Heap Initial Capacity: 190M
 Heap Max Capacity: 2G
 Pre-touch: Disabled
 Parallel Workers: 4
 Concurrent Workers: 1
 Concurrent Refinement Workers: 4
 Periodic GC: Disabled
Heap:
 garbage-first heap   total 250880K, used 211712K [0x0000000080000000, 0x0000000100000000)
  region size 1024K, 50 young (51200K), 3 survivors (3072K)
 Metaspace       used 124583K, committed 125824K, reserved 557056K
  class space    used 16964K, committed 17536K, reserved 425984K
GC Heap History (20 events):
Event: 256.410 GC heap after
{Heap after GC invocations=82 (full 0):
 garbage-first heap   total 206848K, used 134216K [0x0000000080000000, 0x0000000100000000)
  region size 1024K, 4 young (4096K), 4 survivors (4096K)
 Metaspace       used 121583K, committed 122688K, reserved 557056K
  class space    used 16517K, committed 17088K, reserved 425984K
}
Event: 256.567 GC heap before
{Heap before GC invocations=82 (full 0):
 garbage-first heap   total 206848K, used 179272K [0x0000000080000000, 0x0000000100000000)
  region size 1024K, 48 young (49152K), 4 survivors (4096K)
 Metaspace       used 121587K, committed 122688K, reserved 557056K
  class space    used 16517K, committed 17088K, reserved 425984K
}
Event: 256.572 GC heap after
{Heap after GC invocations=83 (full 0):
 garbage-first heap   total 206848K, used 134664K [0x0000000080000000, 0x0000000100000000)
  region size 1024K, 4 young (4096K), 4 survivors (4096K)
 Metaspace       used 121587K, committed 122688K, reserved 557056K
  class space    used 16517K, committed 17088K, reserved 425984K
}
Event: 257.349 GC heap before
{Heap before GC invocations=84 (full 0):
 garbage-first heap   total 242688K, used 177672K [0x0000000080000000, 0x0000000100000000)
  region size 1024K, 46 young (47104K), 4 survivors (4096K)
 Metaspace       used 121739K, committed 122880K, reserved 557056K
  class space    used 16522K, committed 17088K, reserved 425984K
}
Event: 257.355 GC heap after
{Heap after GC invocations=85 (full 0):
 garbage-first heap   total 242688K, used 135297K [0x0000000080000000, 0x0000000100000000)
  region size 1024K, 4 young (4096K), 4 survivors (4096K)
 Metaspace       used 121739K, committed 122880K, reserved 557056K
  class space    used 16522K, committed 17088K, reserved 425984K
}
Event: 257.368 GC heap before
{Heap before GC invocations=85 (full 0):
 garbage-first heap   total 242688K, used 142465K [0x0000000080000000, 0x0000000100000000)
  region size 1024K, 11 young (11264K), 4 survivors (4096K)
 Metaspace       used 121740K, committed 122880K, reserved 557056K
  class space    used 16522K, committed 17088K, reserved 425984K
}
Event: 257.375 GC heap after
{Heap after GC invocations=86 (full 0):
 garbage-first heap   total 242688K, used 133979K [0x0000000080000000, 0x0000000100000000)
  region size 1024K, 1 young (1024K), 1 survivors (1024K)
 Metaspace       used 121740K, committed 122880K, reserved 557056K
  class space    used 16522K, committed 17088K, reserved 425984K
}
Event: 257.712 GC heap before
{Heap before GC invocations=86 (full 0):
 garbage-first heap   total 242688K, used 211803K [0x0000000080000000, 0x0000000100000000)
  region size 1024K, 77 young (78848K), 1 survivors (1024K)
 Metaspace       used 121778K, committed 122880K, reserved 557056K
  class space    used 16522K, committed 17088K, reserved 425984K
}
Event: 257.714 GC heap after
{Heap after GC invocations=87 (full 0):
 garbage-first heap   total 242688K, used 134113K [0x0000000080000000, 0x0000000100000000)
  region size 1024K, 2 young (2048K), 2 survivors (2048K)
 Metaspace       used 121778K, committed 122880K, reserved 557056K
  class space    used 16522K, committed 17088K, reserved 425984K
}
Event: 260.298 GC heap before
{Heap before GC invocations=87 (full 0):
 garbage-first heap   total 242688K, used 211937K [0x0000000080000000, 0x0000000100000000)
  region size 1024K, 78 young (79872K), 2 survivors (2048K)
 Metaspace       used 123694K, committed 124928K, reserved 557056K
  class space    used 16872K, committed 17472K, reserved 425984K
}
Event: 260.305 GC heap after
{Heap after GC invocations=88 (full 0):
 garbage-first heap   total 242688K, used 139328K [0x0000000080000000, 0x0000000100000000)
  region size 1024K, 7 young (7168K), 7 survivors (7168K)
 Metaspace       used 123694K, committed 124928K, reserved 557056K
  class space    used 16872K, committed 17472K, reserved 425984K
}
Event: 263.071 GC heap before
{Heap before GC invocations=88 (full 0):
 garbage-first heap   total 242688K, used 206912K [0x0000000080000000, 0x0000000100000000)
  region size 1024K, 74 young (75776K), 7 survivors (7168K)
 Metaspace       used 123923K, committed 125120K, reserved 557056K
  class space    used 16884K, committed 17472K, reserved 425984K
}
Event: 263.084 GC heap after
{Heap after GC invocations=89 (full 0):
 garbage-first heap   total 242688K, used 144931K [0x0000000080000000, 0x0000000100000000)
  region size 1024K, 6 young (6144K), 6 survivors (6144K)
 Metaspace       used 123923K, committed 125120K, reserved 557056K
  class space    used 16884K, committed 17472K, reserved 425984K
}
Event: 265.603 GC heap before
{Heap before GC invocations=90 (full 0):
 garbage-first heap   total 250880K, used 204323K [0x0000000080000000, 0x0000000100000000)
  region size 1024K, 65 young (66560K), 6 survivors (6144K)
 Metaspace       used 123934K, committed 125120K, reserved 557056K
  class space    used 16884K, committed 17472K, reserved 425984K
}
Event: 265.610 GC heap after
{Heap after GC invocations=91 (full 0):
 garbage-first heap   total 250880K, used 146947K [0x0000000080000000, 0x0000000100000000)
  region size 1024K, 5 young (5120K), 5 survivors (5120K)
 Metaspace       used 123934K, committed 125120K, reserved 557056K
  class space    used 16884K, committed 17472K, reserved 425984K
}
Event: 266.351 GC heap before
{Heap before GC invocations=91 (full 0):
 garbage-first heap   total 250880K, used 155139K [0x0000000080000000, 0x0000000100000000)
  region size 1024K, 12 young (12288K), 5 survivors (5120K)
 Metaspace       used 124052K, committed 125248K, reserved 557056K
  class space    used 16891K, committed 17472K, reserved 425984K
}
Event: 266.358 GC heap after
{Heap after GC invocations=92 (full 0):
 garbage-first heap   total 250880K, used 148479K [0x0000000080000000, 0x0000000100000000)
  region size 1024K, 2 young (2048K), 2 survivors (2048K)
 Metaspace       used 124052K, committed 125248K, reserved 557056K
  class space    used 16891K, committed 17472K, reserved 425984K
}
Event: 270.060 GC heap before
{Heap before GC invocations=92 (full 0):
 garbage-first heap   total 250880K, used 215039K [0x0000000080000000, 0x0000000100000000)
  region size 1024K, 64 young (65536K), 2 survivors (2048K)
 Metaspace       used 124583K, committed 125824K, reserved 557056K
  class space    used 16964K, committed 17536K, reserved 425984K
}
Event: 270.070 GC heap after
{Heap after GC invocations=93 (full 0):
 garbage-first heap   total 250880K, used 163584K [0x0000000080000000, 0x0000000100000000)
  region size 1024K, 8 young (8192K), 8 survivors (8192K)
 Metaspace       used 124583K, committed 125824K, reserved 557056K
  class space    used 16964K, committed 17536K, reserved 425984K
}
Event: 270.918 GC heap before
{Heap before GC invocations=93 (full 0):
 garbage-first heap   total 250880K, used 210688K [0x0000000080000000, 0x0000000100000000)
  region size 1024K, 55 young (56320K), 8 survivors (8192K)
 Metaspace       used 124583K, committed 125824K, reserved 557056K
  class space    used 16964K, committed 17536K, reserved 425984K
}

